Determining if the pthread_create exist failed with the following output:
Change Dir: /home/rasp/CLionProjects/Ape-ex-Abominations/CMakeFiles/CMakeTmp

Run Build Command:"/usr/bin/make" "cmTC_4a24c/fast"
/usr/bin/make -f CMakeFiles/cmTC_4a24c.dir/build.make CMakeFiles/cmTC_4a24c.dir/build
make[1]: Entering directory '/home/rasp/CLionProjects/Ape-ex-Abominations/CMakeFiles/CMakeTmp'
Building C object CMakeFiles/cmTC_4a24c.dir/CheckSymbolExists.c.o
/usr/bin/cc    -o CMakeFiles/cmTC_4a24c.dir/CheckSymbolExists.c.o   -c /home/rasp/CLionProjects/Ape-ex-Abominations/CMakeFiles/CMakeTmp/CheckSymbolExists.c
Linking C executable cmTC_4a24c
/home/rasp/.local/share/JetBrains/Toolbox/apps/CLion/ch-0/182.4505.18/bin/cmake/linux/bin/cmake -E cmake_link_script CMakeFiles/cmTC_4a24c.dir/link.txt --verbose=1
/usr/bin/cc      -rdynamic CMakeFiles/cmTC_4a24c.dir/CheckSymbolExists.c.o  -o cmTC_4a24c 
/usr/bin/ld: CMakeFiles/cmTC_4a24c.dir/CheckSymbolExists.c.o: in function `main':
CheckSymbolExists.c:(.text+0x1b): undefined reference to `pthread_create'
collect2: error: ld returned 1 exit status
make[1]: *** [CMakeFiles/cmTC_4a24c.dir/build.make:87: cmTC_4a24c] Error 1
make[1]: Leaving directory '/home/rasp/CLionProjects/Ape-ex-Abominations/CMakeFiles/CMakeTmp'
make: *** [Makefile:121: cmTC_4a24c/fast] Error 2

File /home/rasp/CLionProjects/Ape-ex-Abominations/CMakeFiles/CMakeTmp/CheckSymbolExists.c:
/* */
#include <pthread.h>

int main(int argc, char** argv)
{
  (void)argv;
#ifndef pthread_create
  return ((int*)(&pthread_create))[argc];
#else
  (void)argc;
  return 0;
#endif
}

Determining if the function pthread_create exists in the pthreads failed with the following output:
Change Dir: /home/rasp/CLionProjects/Ape-ex-Abominations/CMakeFiles/CMakeTmp

Run Build Command:"/usr/bin/make" "cmTC_910ba/fast"
/usr/bin/make -f CMakeFiles/cmTC_910ba.dir/build.make CMakeFiles/cmTC_910ba.dir/build
make[1]: Entering directory '/home/rasp/CLionProjects/Ape-ex-Abominations/CMakeFiles/CMakeTmp'
Building C object CMakeFiles/cmTC_910ba.dir/CheckFunctionExists.c.o
/usr/bin/cc   -DCHECK_FUNCTION_EXISTS=pthread_create   -o CMakeFiles/cmTC_910ba.dir/CheckFunctionExists.c.o   -c /home/rasp/.local/share/JetBrains/Toolbox/apps/CLion/ch-0/182.4505.18/bin/cmake/linux/share/cmake-3.12/Modules/CheckFunctionExists.c
Linking C executable cmTC_910ba
/home/rasp/.local/share/JetBrains/Toolbox/apps/CLion/ch-0/182.4505.18/bin/cmake/linux/bin/cmake -E cmake_link_script CMakeFiles/cmTC_910ba.dir/link.txt --verbose=1
/usr/bin/cc  -DCHECK_FUNCTION_EXISTS=pthread_create    -rdynamic CMakeFiles/cmTC_910ba.dir/CheckFunctionExists.c.o  -o cmTC_910ba -lpthreads 
/usr/bin/ld: cannot find -lpthreads
collect2: error: ld returned 1 exit status
make[1]: *** [CMakeFiles/cmTC_910ba.dir/build.make:87: cmTC_910ba] Error 1
make[1]: Leaving directory '/home/rasp/CLionProjects/Ape-ex-Abominations/CMakeFiles/CMakeTmp'
make: *** [Makefile:121: cmTC_910ba/fast] Error 2


